在 ServiceModel 客户端配置部分中，找不到引用协定“weixin.WeixinWebServicePortType”的默认终结点元素。这可能是因为未找到应用程序的配置文件，或者是因为客户端元素中找不到与此协定匹配的终结点元素。:   在 System.ServiceModel.Description.ConfigLoader.LoadChannelBehaviors(ServiceEndpoint serviceEndpoint, String configurationName)
   在 System.ServiceModel.ChannelFactory.InitializeEndpoint(String configurationName, EndpointAddress address)
   在 System.ServiceModel.ChannelFactory`1..ctor(String endpointConfigurationName, EndpointAddress remoteAddress)
   在 System.ServiceModel.ConfigurationEndpointTrait`1.CreateSimplexFactory()
   在 System.ServiceModel.ClientBase`1.CreateChannelFactoryRef(EndpointTrait`1 endpointTrait)
   在 System.ServiceModel.ClientBase`1.InitializeChannelFactoryRef()
   在 DHCC.OCCS.Message.PushWeiXin.BatchPushData[WeixinUserData](IList`1 _lst)

在 ServiceModel 客户端配置部分中，找不到引用协定“weixin.WeixinWebServicePortType”的默认终结点元素。这可能是因为未找到应用程序的配置文件，或者是因为客户端元素中找不到与此协定匹配的终结点元素。:   在 System.ServiceModel.Description.ConfigLoader.LoadChannelBehaviors(ServiceEndpoint serviceEndpoint, String configurationName)
   在 System.ServiceModel.ChannelFactory.InitializeEndpoint(String configurationName, EndpointAddress address)
   在 System.ServiceModel.ChannelFactory`1..ctor(String endpointConfigurationName, EndpointAddress remoteAddress)
   在 System.ServiceModel.ConfigurationEndpointTrait`1.CreateSimplexFactory()
   在 System.ServiceModel.ClientBase`1.CreateChannelFactoryRef(EndpointTrait`1 endpointTrait)
   在 System.ServiceModel.ClientBase`1.InitializeChannelFactoryRef()
   在 DHCC.OCCS.Message.PushWeiXin.BatchPushData[WeixinUserData](IList`1 _lst)

在 ServiceModel 客户端配置部分中，找不到引用协定“weixin.WeixinWebServicePortType”的默认终结点元素。这可能是因为未找到应用程序的配置文件，或者是因为客户端元素中找不到与此协定匹配的终结点元素。:   在 System.ServiceModel.Description.ConfigLoader.LoadChannelBehaviors(ServiceEndpoint serviceEndpoint, String configurationName)
   在 System.ServiceModel.ChannelFactory.InitializeEndpoint(String configurationName, EndpointAddress address)
   在 System.ServiceModel.ChannelFactory`1..ctor(String endpointConfigurationName, EndpointAddress remoteAddress)
   在 System.ServiceModel.ConfigurationEndpointTrait`1.CreateSimplexFactory()
   在 System.ServiceModel.ClientBase`1.CreateChannelFactoryRef(EndpointTrait`1 endpointTrait)
   在 System.ServiceModel.ClientBase`1.InitializeChannelFactoryRef()
   在 DHCC.OCCS.Message.PushWeiXin.BatchPushData[WeixinUserData](IList`1 _lst)

在 ServiceModel 客户端配置部分中，找不到引用协定“weixin.WeixinWebServicePortType”的默认终结点元素。这可能是因为未找到应用程序的配置文件，或者是因为客户端元素中找不到与此协定匹配的终结点元素。:   在 System.ServiceModel.Description.ConfigLoader.LoadChannelBehaviors(ServiceEndpoint serviceEndpoint, String configurationName)
   在 System.ServiceModel.ChannelFactory.InitializeEndpoint(String configurationName, EndpointAddress address)
   在 System.ServiceModel.ChannelFactory`1..ctor(String endpointConfigurationName, EndpointAddress remoteAddress)
   在 System.ServiceModel.ConfigurationEndpointTrait`1.CreateSimplexFactory()
   在 System.ServiceModel.ClientBase`1.CreateChannelFactoryRef(EndpointTrait`1 endpointTrait)
   在 System.ServiceModel.ClientBase`1.InitializeChannelFactoryRef()
   在 DHCC.OCCS.Message.PushWeiXin.BatchPushData[WeixinUserData](IList`1 _lst)

在 ServiceModel 客户端配置部分中，找不到引用协定“weixin.WeixinWebServicePortType”的默认终结点元素。这可能是因为未找到应用程序的配置文件，或者是因为客户端元素中找不到与此协定匹配的终结点元素。:   在 System.ServiceModel.Description.ConfigLoader.LoadChannelBehaviors(ServiceEndpoint serviceEndpoint, String configurationName)
   在 System.ServiceModel.ChannelFactory.InitializeEndpoint(String configurationName, EndpointAddress address)
   在 System.ServiceModel.ChannelFactory`1..ctor(String endpointConfigurationName, EndpointAddress remoteAddress)
   在 System.ServiceModel.ConfigurationEndpointTrait`1.CreateSimplexFactory()
   在 System.ServiceModel.ClientBase`1.CreateChannelFactoryRef(EndpointTrait`1 endpointTrait)
   在 System.ServiceModel.ClientBase`1.InitializeChannelFactoryRef()
   在 DHCC.OCCS.Message.PushWeiXin.BatchPushData[WeixinUserData](IList`1 _lst)

在 ServiceModel 客户端配置部分中，找不到引用协定“weixin.WeixinWebServicePortType”的默认终结点元素。这可能是因为未找到应用程序的配置文件，或者是因为客户端元素中找不到与此协定匹配的终结点元素。:   在 System.ServiceModel.Description.ConfigLoader.LoadChannelBehaviors(ServiceEndpoint serviceEndpoint, String configurationName)
   在 System.ServiceModel.ChannelFactory.InitializeEndpoint(String configurationName, EndpointAddress address)
   在 System.ServiceModel.ChannelFactory`1..ctor(String endpointConfigurationName, EndpointAddress remoteAddress)
   在 System.ServiceModel.ConfigurationEndpointTrait`1.CreateSimplexFactory()
   在 System.ServiceModel.ClientBase`1.CreateChannelFactoryRef(EndpointTrait`1 endpointTrait)
   在 System.ServiceModel.ClientBase`1.InitializeChannelFactoryRef()
   在 DHCC.OCCS.Message.PushWeiXin.BatchPushData[WeixinUserData](IList`1 _lst)

在 ServiceModel 客户端配置部分中，找不到引用协定“weixin.WeixinWebServicePortType”的默认终结点元素。这可能是因为未找到应用程序的配置文件，或者是因为客户端元素中找不到与此协定匹配的终结点元素。:   在 System.ServiceModel.Description.ConfigLoader.LoadChannelBehaviors(ServiceEndpoint serviceEndpoint, String configurationName)
   在 System.ServiceModel.ChannelFactory.InitializeEndpoint(String configurationName, EndpointAddress address)
   在 System.ServiceModel.ChannelFactory`1..ctor(String endpointConfigurationName, EndpointAddress remoteAddress)
   在 System.ServiceModel.ConfigurationEndpointTrait`1.CreateSimplexFactory()
   在 System.ServiceModel.ClientBase`1.CreateChannelFactoryRef(EndpointTrait`1 endpointTrait)
   在 System.ServiceModel.ClientBase`1.InitializeChannelFactoryRef()
   在 DHCC.OCCS.Message.PushWeiXin.BatchPushData[WeixinUserData](IList`1 _lst)

在 ServiceModel 客户端配置部分中，找不到引用协定“weixin.WeixinWebServicePortType”的默认终结点元素。这可能是因为未找到应用程序的配置文件，或者是因为客户端元素中找不到与此协定匹配的终结点元素。:   在 System.ServiceModel.Description.ConfigLoader.LoadChannelBehaviors(ServiceEndpoint serviceEndpoint, String configurationName)
   在 System.ServiceModel.ChannelFactory.InitializeEndpoint(String configurationName, EndpointAddress address)
   在 System.ServiceModel.ChannelFactory`1..ctor(String endpointConfigurationName, EndpointAddress remoteAddress)
   在 System.ServiceModel.ConfigurationEndpointTrait`1.CreateSimplexFactory()
   在 System.ServiceModel.ClientBase`1.CreateChannelFactoryRef(EndpointTrait`1 endpointTrait)
   在 System.ServiceModel.ClientBase`1.InitializeChannelFactoryRef()
   在 DHCC.OCCS.Message.PushWeiXin.BatchPushData[WeixinUserData](IList`1 _lst)

在 ServiceModel 客户端配置部分中，找不到引用协定“weixin.WeixinWebServicePortType”的默认终结点元素。这可能是因为未找到应用程序的配置文件，或者是因为客户端元素中找不到与此协定匹配的终结点元素。:   在 System.ServiceModel.Description.ConfigLoader.LoadChannelBehaviors(ServiceEndpoint serviceEndpoint, String configurationName)
   在 System.ServiceModel.ChannelFactory.InitializeEndpoint(String configurationName, EndpointAddress address)
   在 System.ServiceModel.ChannelFactory`1..ctor(String endpointConfigurationName, EndpointAddress remoteAddress)
   在 System.ServiceModel.ConfigurationEndpointTrait`1.CreateSimplexFactory()
   在 System.ServiceModel.ClientBase`1.CreateChannelFactoryRef(EndpointTrait`1 endpointTrait)
   在 System.ServiceModel.ClientBase`1.InitializeChannelFactoryRef()
   在 DHCC.OCCS.Message.PushWeiXin.BatchPushData[WeixinUserData](IList`1 _lst)

